This file contains any messages produced by compilers while
running configure, to aid debugging if configure makes a mistake.

It was created by meshrenderer configure 2021, which was
generated by GNU Autoconf 2.69.  Invocation command line was

  $ ./configure 

## --------- ##
## Platform. ##
## --------- ##

hostname = Andreass-iMac.fritz.box
uname -m = x86_64
uname -r = 19.6.0
uname -s = Darwin
uname -v = Darwin Kernel Version 19.6.0: Mon Aug 31 22:12:52 PDT 2020; root:xnu-6153.141.2~1/RELEASE_X86_64

/usr/bin/uname -p = i386
/bin/uname -X     = unknown

/bin/arch              = unknown
/usr/bin/arch -k       = unknown
/usr/convex/getsysinfo = unknown
/usr/bin/hostinfo      = Mach kernel version:
	 Darwin Kernel Version 19.6.0: Mon Aug 31 22:12:52 PDT 2020; root:xnu-6153.141.2~1/RELEASE_X86_64
Kernel configured for up to 8 processors.
4 processors are physically available.
8 processors are logically available.
Processor type: x86_64h (Intel x86-64h Haswell)
Processors active: 0 1 2 3 4 5 6 7
Primary memory available: 32.00 gigabytes
Default processor set: 358 tasks, 1959 threads, 8 processors
Load average: 2.96, Mach factor: 5.03
/bin/machine           = unknown
/usr/bin/oslevel       = unknown
/bin/universe          = unknown

PATH: /Users/andreashuber/Flutter/flutter/bin
PATH: /Users/andreashuber/apache-ant-1.9.14/bin
PATH: /usr/local/bin
PATH: /usr/bin
PATH: /bin
PATH: /usr/sbin
PATH: /sbin
PATH: /Users/andreashuber/vcpkg
PATH: /Applications/VMware Fusion.app/Contents/Public
PATH: /Library/TeX/texbin
PATH: /usr/local/share/dotnet
PATH: ~/.dotnet/tools
PATH: /Library/Apple/usr/bin
PATH: /Users/andreashuber/Flutter/flutter/bin
PATH: /Users/andreashuber/apache-ant-1.9.14/bin


## ----------- ##
## Core tests. ##
## ----------- ##

configure:1897: checking for a BSD-compatible install
configure:1965: result: /usr/bin/install -c
configure:1976: checking whether build environment is sane
configure:2031: result: yes
configure:2182: checking for a thread-safe mkdir -p
configure:2221: result: auxx/install-sh -c -d
configure:2228: checking for gawk
configure:2258: result: no
configure:2228: checking for mawk
configure:2258: result: no
configure:2228: checking for nawk
configure:2258: result: no
configure:2228: checking for awk
configure:2244: found /usr/bin/awk
configure:2255: result: awk
configure:2266: checking whether make sets $(MAKE)
configure:2288: result: yes
configure:2317: checking whether make supports nested variables
configure:2334: result: yes
configure:2519: checking for g++
configure:2535: found /usr/bin/g++
configure:2546: result: g++
configure:2573: checking for C++ compiler version
configure:2582: g++ --version >&5
Apple clang version 12.0.0 (clang-1200.0.32.29)
Target: x86_64-apple-darwin19.6.0
Thread model: posix
InstalledDir: /Applications/Xcode.app/Contents/Developer/Toolchains/XcodeDefault.xctoolchain/usr/bin
Configured with: --prefix=/Applications/Xcode.app/Contents/Developer/usr --with-gxx-include-dir=/Library/Developer/CommandLineTools/SDKs/MacOSX.sdk/usr/include/c++/4.2.1
configure:2593: $? = 0
configure:2582: g++ -v >&5
Configured with: --prefix=/Applications/Xcode.app/Contents/Developer/usr --with-gxx-include-dir=/Library/Developer/CommandLineTools/SDKs/MacOSX.sdk/usr/include/c++/4.2.1
Apple clang version 12.0.0 (clang-1200.0.32.29)
Target: x86_64-apple-darwin19.6.0
Thread model: posix
InstalledDir: /Applications/Xcode.app/Contents/Developer/Toolchains/XcodeDefault.xctoolchain/usr/bin
configure:2593: $? = 0
configure:2582: g++ -V >&5
clang: error: argument to '-V' is missing (expected 1 value)
clang: error: no input files
configure:2593: $? = 1
configure:2582: g++ -qversion >&5
clang: error: unknown argument '-qversion'; did you mean '--version'?
clang: error: no input files
configure:2593: $? = 1
configure:2613: checking whether the C++ compiler works
configure:2635: g++  -I/usr/local/include/ -framework OpenGL conftest.cpp  >&5
configure:2639: $? = 0
configure:2687: result: yes
configure:2690: checking for C++ compiler default output file name
configure:2692: result: a.out
configure:2698: checking for suffix of executables
configure:2705: g++ -o conftest  -I/usr/local/include/ -framework OpenGL conftest.cpp  >&5
configure:2709: $? = 0
configure:2731: result: 
configure:2753: checking whether we are cross compiling
configure:2761: g++ -o conftest  -I/usr/local/include/ -framework OpenGL conftest.cpp  >&5
configure:2765: $? = 0
configure:2772: ./conftest
configure:2776: $? = 0
configure:2791: result: no
configure:2796: checking for suffix of object files
configure:2818: g++ -c  -I/usr/local/include/ conftest.cpp >&5
configure:2822: $? = 0
configure:2843: result: o
configure:2847: checking whether we are using the GNU C++ compiler
configure:2866: g++ -c  -I/usr/local/include/ conftest.cpp >&5
configure:2866: $? = 0
configure:2875: result: yes
configure:2884: checking whether g++ accepts -g
configure:2904: g++ -c -g -I/usr/local/include/ conftest.cpp >&5
configure:2904: $? = 0
configure:2945: result: yes
configure:2971: checking whether make supports the include directive
configure:2986: make -f confmf.GNU && cat confinc.out
this is the am__doit target
configure:2989: $? = 0
configure:3008: result: yes (GNU style)
configure:3033: checking dependency style of g++
configure:3144: result: gcc3
configure:3178: checking whether g++ supports C++11 features with -std=gnu++11
configure:3474: g++ -std=gnu++11 -c -g -O2 -I/usr/local/include/ conftest.cpp >&5
configure:3474: $? = 0
configure:3483: result: yes
configure:3845: checking for main in -lGL
configure:3864: g++ -std=gnu++11 -o conftest -g -O2 -I/usr/local/include/ -framework OpenGL conftest.cpp -lGL   >&5
ld: library not found for -lGL
clang: error: linker command failed with exit code 1 (use -v to see invocation)
configure:3864: $? = 1
configure: failed program was:
| /* confdefs.h */
| #define PACKAGE_NAME "meshrenderer"
| #define PACKAGE_TARNAME "meshrenderer"
| #define PACKAGE_VERSION "2021"
| #define PACKAGE_STRING "meshrenderer 2021"
| #define PACKAGE_BUGREPORT "Cannibalized from NiHo´s code ;)"
| #define PACKAGE_URL ""
| #define PACKAGE "meshrenderer"
| #define VERSION "2021"
| #define HAVE_CXX11 1
| /* end confdefs.h.  */
| 
| 
| int
| main ()
| {
| return main ();
|   ;
|   return 0;
| }
configure:3873: result: no
configure:3884: checking for main in -lGLEW
configure:3903: g++ -std=gnu++11 -o conftest -g -O2 -I/usr/local/include/ -framework OpenGL conftest.cpp -lGLEW   >&5
configure:3903: $? = 0
configure:3912: result: yes
configure:3923: checking for main in -lglfw
configure:3942: g++ -std=gnu++11 -o conftest -g -O2 -I/usr/local/include/ -framework OpenGL conftest.cpp -lglfw  -lGLEW  >&5
configure:3942: $? = 0
configure:3951: result: yes
configure:4086: checking that generated files are newer than configure
configure:4092: result: done
configure:4115: creating ./config.status

## ---------------------- ##
## Running config.status. ##
## ---------------------- ##

This file was extended by meshrenderer config.status 2021, which was
generated by GNU Autoconf 2.69.  Invocation command line was

  CONFIG_FILES    = 
  CONFIG_HEADERS  = 
  CONFIG_LINKS    = 
  CONFIG_COMMANDS = 
  $ ./config.status 

on Andreass-iMac.fritz.box

config.status:847: creating Makefile
config.status:847: creating src/Makefile
config.status:847: creating config.h
config.status:1028: config.h is unchanged
config.status:1076: executing depfiles commands
config.status:1153: cd src       && sed -e '/# am--include-marker/d' Makefile         | make -f - am--depfiles
make: Nothing to be done for `am--depfiles'.
config.status:1158: $? = 0

## ---------------- ##
## Cache variables. ##
## ---------------- ##

ac_cv_cxx_compiler_gnu=yes
ac_cv_env_CCC_set=
ac_cv_env_CCC_value=
ac_cv_env_CPPFLAGS_set=set
ac_cv_env_CPPFLAGS_value=-I/usr/local/include/
ac_cv_env_CXXFLAGS_set=
ac_cv_env_CXXFLAGS_value=
ac_cv_env_CXX_set=
ac_cv_env_CXX_value=
ac_cv_env_LDFLAGS_set=set
ac_cv_env_LDFLAGS_value='-framework OpenGL'
ac_cv_env_LIBS_set=
ac_cv_env_LIBS_value=
ac_cv_env_build_alias_set=
ac_cv_env_build_alias_value=
ac_cv_env_host_alias_set=
ac_cv_env_host_alias_value=
ac_cv_env_target_alias_set=
ac_cv_env_target_alias_value=
ac_cv_lib_GLEW_main=yes
ac_cv_lib_GL_main=no
ac_cv_lib_glfw_main=yes
ac_cv_objext=o
ac_cv_path_install='/usr/bin/install -c'
ac_cv_prog_AWK=awk
ac_cv_prog_ac_ct_CXX=g++
ac_cv_prog_cxx_g=yes
ac_cv_prog_make_make_set=yes
am_cv_CXX_dependencies_compiler_type=gcc3
am_cv_make_support_nested_variables=yes
ax_cv_cxx_compile_cxx11__std_gnupp11=yes

## ----------------- ##
## Output variables. ##
## ----------------- ##

ACLOCAL='${SHELL} /Users/andreashuber/Arbeit/Coding/computer-graphics/blatt6/meshrenderer-2021/auxx/missing aclocal-1.16'
AMDEPBACKSLASH='\'
AMDEP_FALSE='#'
AMDEP_TRUE=''
AMTAR='$${TAR-tar}'
AM_BACKSLASH='\'
AM_DEFAULT_V='$(AM_DEFAULT_VERBOSITY)'
AM_DEFAULT_VERBOSITY='1'
AM_V='$(V)'
AUTOCONF='${SHELL} /Users/andreashuber/Arbeit/Coding/computer-graphics/blatt6/meshrenderer-2021/auxx/missing autoconf'
AUTOHEADER='${SHELL} /Users/andreashuber/Arbeit/Coding/computer-graphics/blatt6/meshrenderer-2021/auxx/missing autoheader'
AUTOMAKE='${SHELL} /Users/andreashuber/Arbeit/Coding/computer-graphics/blatt6/meshrenderer-2021/auxx/missing automake-1.16'
AWK='awk'
CPPFLAGS='-I/usr/local/include/'
CXX='g++ -std=gnu++11'
CXXDEPMODE='depmode=gcc3'
CXXFLAGS='-g -O2'
CYGPATH_W='echo'
DEFS='-DHAVE_CONFIG_H'
DEPDIR='.deps'
ECHO_C='\c'
ECHO_N=''
ECHO_T=''
EXEEXT=''
HAVE_CXX11='1'
INSTALL_DATA='${INSTALL} -m 644'
INSTALL_PROGRAM='${INSTALL}'
INSTALL_SCRIPT='${INSTALL}'
INSTALL_STRIP_PROGRAM='$(install_sh) -c -s'
LDFLAGS='-framework OpenGL'
LIBOBJS=''
LIBS='-lglfw -lGLEW '
LTLIBOBJS=''
MAKEINFO='${SHELL} /Users/andreashuber/Arbeit/Coding/computer-graphics/blatt6/meshrenderer-2021/auxx/missing makeinfo'
MKDIR_P='auxx/install-sh -c -d'
OBJEXT='o'
PACKAGE='meshrenderer'
PACKAGE_BUGREPORT='Cannibalized from NiHo´s code ;)'
PACKAGE_NAME='meshrenderer'
PACKAGE_STRING='meshrenderer 2021'
PACKAGE_TARNAME='meshrenderer'
PACKAGE_URL=''
PACKAGE_VERSION='2021'
PATH_SEPARATOR=':'
SET_MAKE=''
SHELL='/bin/sh'
STRIP=''
VERSION='2021'
ac_ct_CXX='g++'
am__EXEEXT_FALSE=''
am__EXEEXT_TRUE='#'
am__fastdepCXX_FALSE='#'
am__fastdepCXX_TRUE=''
am__include='include'
am__isrc=''
am__leading_dot='.'
am__nodep='_no'
am__quote=''
am__tar='$${TAR-tar} chof - "$$tardir"'
am__untar='$${TAR-tar} xf -'
bindir='${exec_prefix}/bin'
build_alias=''
datadir='${datarootdir}'
datarootdir='${prefix}/share'
docdir='${datarootdir}/doc/${PACKAGE_TARNAME}'
dvidir='${docdir}'
exec_prefix='${prefix}'
host_alias=''
htmldir='${docdir}'
includedir='${prefix}/include'
infodir='${datarootdir}/info'
install_sh='${SHELL} /Users/andreashuber/Arbeit/Coding/computer-graphics/blatt6/meshrenderer-2021/auxx/install-sh'
libdir='${exec_prefix}/lib'
libexecdir='${exec_prefix}/libexec'
localedir='${datarootdir}/locale'
localstatedir='${prefix}/var'
mandir='${datarootdir}/man'
mkdir_p='$(MKDIR_P)'
oldincludedir='/usr/include'
pdfdir='${docdir}'
prefix='/usr/local'
program_transform_name='s,x,x,'
psdir='${docdir}'
runstatedir='${localstatedir}/run'
sbindir='${exec_prefix}/sbin'
sharedstatedir='${prefix}/com'
sysconfdir='${prefix}/etc'
target_alias=''

## ----------- ##
## confdefs.h. ##
## ----------- ##

/* confdefs.h */
#define PACKAGE_NAME "meshrenderer"
#define PACKAGE_TARNAME "meshrenderer"
#define PACKAGE_VERSION "2021"
#define PACKAGE_STRING "meshrenderer 2021"
#define PACKAGE_BUGREPORT "Cannibalized from NiHo´s code ;)"
#define PACKAGE_URL ""
#define PACKAGE "meshrenderer"
#define VERSION "2021"
#define HAVE_CXX11 1
#define HAVE_LIBGLEW 1
#define HAVE_LIBGLFW 1
#define OPENGL_INCLUDE_PATH ""
#define GLEW_INCLUDE_PATH "/usr/local/Cellar/glew/2.2.0_1/include"

configure: exit 0
